<?xml version="1.0" encoding="UTF-8"?>
<testsuite name="Http4kTest" tests="1" skipped="0" failures="0" errors="0" timestamp="2024-01-19T15:41:53" hostname="Fluros-Air" time="0.114">
  <properties/>
  <testcase name="Just running HTTP4k()" classname="Http4kTest" time="0.114"/>
  <system-out><![CDATA[]]></system-out>
  <system-err><![CDATA[]]></system-err>
</testsuite>
